[2025-10-03 18:44:01.674579+00:00] Export color completed successfully.
[2025-10-03 18:48:38.918058+00:00] Export color completed successfully.
[2025-10-03 18:53:24.886974+00:00] Export color completed successfully.
[2025-10-04 10:13:47.471310+00:00] ########## Start -> Exporting Color to Json  ###########
[2025-10-04 10:13:47.626869+00:00] 0 colors found
[2025-10-04 10:13:47.627448+00:00] Sample data: []
[2025-10-04 10:13:47.630808+00:00] Completed exporting 0 colors
[2025-10-04 10:14:38.538727+00:00] ########## Start -> Exporting Color to Json  ###########
[2025-10-04 10:14:38.540464+00:00] 0 colors found
[2025-10-04 10:14:38.540769+00:00] Sample data: []
[2025-10-04 10:14:38.541230+00:00] Completed exporting 0 colors
[2025-10-04 10:15:46.946052+00:00] ########## Start -> Exporting Color to Json  ###########
[2025-10-04 10:15:46.948538+00:00] 0 colors found
[2025-10-04 10:15:46.949028+00:00] Sample data: []
[2025-10-04 10:15:46.949760+00:00] Completed exporting 0 colors
[2025-10-04 10:15:55.784027+00:00] ########## Start -> Exporting Color to Json  ###########
[2025-10-04 10:15:55.785646+00:00] 0 colors found
[2025-10-04 10:15:55.785988+00:00] Sample data: []
[2025-10-04 10:15:55.786483+00:00] Completed exporting 0 colors
[2025-10-04 10:17:41.098422+00:00] ########## Start -> Exporting Color to Json  ###########
[2025-10-04 10:17:41.100637+00:00] 0 colors found
[2025-10-04 10:17:41.101344+00:00] Sample data: []
[2025-10-04 10:17:41.102389+00:00] Completed exporting 0 colors
